<?xml version="1.0" encoding="UTF-8"?>
<testng-results skipped="0" failed="0" ignored="0" total="2" passed="2">
  <reporter-output>
  </reporter-output>
  <suite name="Default suite" duration-ms="10621" started-at="2019-07-11T06:52:33Z" finished-at="2019-07-11T06:52:44Z">
    <groups>
    </groups>
    <test name="Default test" duration-ms="10621" started-at="2019-07-11T06:52:33Z" finished-at="2019-07-11T06:52:44Z">
      <class name="Test.TestNG_ExtentReport">
        <test-method status="PASS" signature="setUpTest()[pri:0, instance:Test.TestNG_ExtentReport@239963d8]" name="setUpTest" is-config="true" duration-ms="8964" started-at="2019-07-11T06:52:24Z" finished-at="2019-07-11T06:52:33Z">
          <reporter-output>
          </reporter-output>
        </test-method> <!-- setUpTest -->
        <test-method status="PASS" signature="GoogleSearchTest1()[pri:0, instance:Test.TestNG_ExtentReport@239963d8]" name="GoogleSearchTest1" duration-ms="5472" started-at="2019-07-11T06:52:33Z" finished-at="2019-07-11T06:52:38Z">
          <reporter-output>
          </reporter-output>
        </test-method> <!-- GoogleSearchTest1 -->
        <test-method status="PASS" signature="GoogleSearchTest2()[pri:0, instance:Test.TestNG_ExtentReport@239963d8]" name="GoogleSearchTest2" duration-ms="5123" started-at="2019-07-11T06:52:38Z" finished-at="2019-07-11T06:52:44Z">
          <reporter-output>
          </reporter-output>
        </test-method> <!-- GoogleSearchTest2 -->
        <test-method status="PASS" signature="tearDownTest()[pri:0, instance:Test.TestNG_ExtentReport@239963d8]" name="tearDownTest" is-config="true" duration-ms="2499" started-at="2019-07-11T06:52:44Z" finished-at="2019-07-11T06:52:46Z">
          <reporter-output>
          </reporter-output>
        </test-method> <!-- tearDownTest -->
      </class> <!-- Test.TestNG_ExtentReport -->
    </test> <!-- Default test -->
  </suite> <!-- Default suite -->
</testng-results>
